<?xml version="1.0" encoding="UTF-8"?>
<!-- Generated by org.testng.reporters.JUnitReportReporter -->
<testsuite skipped="0" hostname="Beans" name="com.ww.qa.testcases.StudiosandMeetingsTestCase" tests="2" failures="0" timestamp="30 Sep 2019 05:46:21 GMT" time="42.306" errors="0">
  <testcase name="HomePageTitle" time="17.771" classname="com.ww.qa.testcases.StudiosandMeetingsTestCase"/>
  <testcase name="findStudio" time="24.535" classname="com.ww.qa.testcases.StudiosandMeetingsTestCase"/>
</testsuite> <!-- com.ww.qa.testcases.StudiosandMeetingsTestCase -->
